23:42:12 **** Build of configuration Release for project as ****
make all 
Building file: ../main.cpp
Invoking: GCC C++ Compiler
g++ -I/usr/local/include/opencv -O3 -Wall -c -fmessage-length=0 -MMD -MP -MF"main.d" -MT"main.d" -o "main.o" "../main.cpp"
../main.cpp: In function ‘void createTrackbars()’:
../main.cpp:67:39: warning: too many arguments for format [-Wformat-extra-args]
  sprintf( TrackbarName, "H_MIN", H_MIN);
                                       ^
../main.cpp:68:39: warning: too many arguments for format [-Wformat-extra-args]
  sprintf( TrackbarName, "H_MAX", H_MAX);
                                       ^
../main.cpp:69:39: warning: too many arguments for format [-Wformat-extra-args]
  sprintf( TrackbarName, "S_MIN", S_MIN);
                                       ^
../main.cpp:70:39: warning: too many arguments for format [-Wformat-extra-args]
  sprintf( TrackbarName, "S_MAX", S_MAX);
                                       ^
../main.cpp:71:39: warning: too many arguments for format [-Wformat-extra-args]
  sprintf( TrackbarName, "V_MIN", V_MIN);
                                       ^
../main.cpp:72:39: warning: too many arguments for format [-Wformat-extra-args]
  sprintf( TrackbarName, "V_MAX", V_MAX);
                                       ^
Finished building: ../main.cpp
 
Building target: as
Invoking: GCC C++ Linker
g++ -L/usr/local/lib -o "as"  ./main.o   -lopencv_videostab\ opencv_flann\ opencv_core\ opencv_features2d\ opencv_ml\ opencv_videoio\ opencv_photo\ opencv_shape\ opencv_stitching\ opencv_imgcodecs\ opencv_highgui\ opencv_viz\ opencv_video\ opencv_objdetect\ opencv_calib3d\ opencv_imgproc\ opencv_superres
/usr/bin/ld: cannot find -lopencv_videostab opencv_flann opencv_core opencv_features2d opencv_ml opencv_videoio opencv_photo opencv_shape opencv_stitching opencv_imgcodecs opencv_highgui opencv_viz opencv_video opencv_objdetect opencv_calib3d opencv_imgproc opencv_superres
makefile:44: recipe for target 'as' failed
collect2: error: ld returned 1 exit status
make: *** [as] Error 1

23:42:15 Build Finished (took 2s.466ms)

